20200730-18:46:06.885 [etscrape] [DEBUG   ] Adding event detail: State, value: 1
20200730-18:46:06.885 [etscrape] [DEBUG   ] Adding event detail: Active Time, value: 0:00:00
20200730-18:46:06.886 [etscrape] [DEBUG   ] Adding event: INPUT, occurred: 09/06/2020 22:44:28 [UTC]
20200730-18:46:06.886 [etscrape] [DEBUG   ] Adding event detail: Current Speed, value: 0
20200730-18:46:06.886 [etscrape] [DEBUG   ] Adding event detail: Input, value: 1 - [ET] Engine Oil Pressure, [ST] Seat
20200730-18:46:06.886 [etscrape] [DEBUG   ] Adding event detail: State, value: 0
20200730-18:46:06.886 [etscrape] [DEBUG   ] Adding event detail: Active Time, value: 0:00:00
20200730-18:46:06.886 [etscrape] [DEBUG   ] Adding event: INPUT, occurred: 09/06/2020 22:44:29 [UTC]
20200730-18:46:06.886 [etscrape] [DEBUG   ] Adding event detail: Current Speed, value: 0
20200730-18:46:06.887 [etscrape] [DEBUG   ] Adding event detail: Input, value: 1 - [ET] Engine Oil Pressure, [ST] Seat
20200730-18:46:06.887 [etscrape] [DEBUG   ] Adding event detail: State, value: 1
20200730-18:46:06.887 [etscrape] [DEBUG   ] Adding event detail: Active Time, value: 0:00:00
20200730-18:46:06.887 [etscrape] [DEBUG   ] Adding event: INPUT, occurred: 09/06/2020 22:44:29 [UTC]
20200730-18:46:06.887 [etscrape] [DEBUG   ] Adding event detail: Current Speed, value: 0
20200730-18:46:06.887 [etscrape] [DEBUG   ] Adding event detail: Input, value: 1 - [ET] Engine Oil Pressure, [ST] Seat
20200730-18:46:06.887 [etscrape] [DEBUG   ] Adding event detail: State, value: 0
20200730-18:46:06.888 [etscrape] [DEBUG   ] Adding event detail: Active Time, value: 0:00:00
20200730-18:46:06.888 [etscrape] [DEBUG   ] Adding event: INPUT, occurred: 09/06/2020 22:44:19 [UTC]
20200730-18:46:06.888 [etscrape] [DEBUG   ] Adding event detail: Current Speed, value: 0
20200730-18:46:06.888 [etscrape] [DEBUG   ] Adding event detail: Input, value: 1 - [ET] Engine Oil Pressure, [ST] Seat
20200730-18:46:06.888 [etscrape] [DEBUG   ] Adding event detail: State, value: 1
20200730-18:46:06.888 [etscrape] [DEBUG   ] Adding event detail: Active Time, value: 0:00:00
20200730-18:46:06.888 [etscrape] [DEBUG   ] Adding event: INPUT, occurred: 09/06/2020 22:44:24 [UTC]
20200730-18:46:06.889 [etscrape] [DEBUG   ] Adding event detail: Current Speed, value: 0
20200730-18:46:06.889 [etscrape] [DEBUG   ] Adding event detail: Input, value: 1 - [ET] Engine Oil Pressure, [ST] Seat
20200730-18:46:06.889 [etscrape] [DEBUG   ] Adding event detail: State, value: 0
20200730-18:46:06.889 [etscrape] [DEBUG   ] Adding event detail: Active Time, value: 0:00:05
20200730-18:46:06.889 [etscrape] [DEBUG   ] Adding event: INPUT, occurred: 09/06/2020 22:44:24 [UTC]
20200730-18:46:06.889 [etscrape] [DEBUG   ] Adding event detail: Current Speed, value: 0
20200730-18:46:06.889 [etscrape] [DEBUG   ] Adding event detail: Input, value: 1 - [ET] Engine Oil Pressure, [ST] Seat
20200730-18:46:06.890 [etscrape] [DEBUG   ] Adding event detail: State, value: 1
20200730-18:46:06.890 [etscrape] [DEBUG   ] Adding event detail: Active Time, value: 0:00:00
20200730-18:46:06.890 [etscrape] [DEBUG   ] Adding event: INPUT, occurred: 09/06/2020 22:44:25 [UTC]
20200730-18:46:06.890 [etscrape] [DEBUG   ] Adding event detail: Current Speed, value: 0
20200730-18:46:06.890 [etscrape] [DEBUG   ] Adding event detail: Input, value: 1 - [ET] Engine Oil Pressure, [ST] Seat
20200730-18:46:06.890 [etscrape] [DEBUG   ] Adding event detail: State, value: 0
20200730-18:46:06.890 [etscrape] [DEBUG   ] Adding event detail: Active Time, value: 0:00:01
20200730-18:46:06.890 [etscrape] [DEBUG   ] Adding event: INPUT, occurred: 09/06/2020 22:44:25 [UTC]
20200730-18:46:06.891 [etscrape] [DEBUG   ] Adding event detail: Current Speed, value: 0
20200730-18:46:06.891 [etscrape] [DEBUG   ] Adding event detail: Input, value: 1 - [ET] Engine Oil Pressure, [ST] Seat
20200730-18:46:06.891 [etscrape] [DEBUG   ] Adding event detail: State, value: 1
20200730-18:46:06.891 [etscrape] [DEBUG   ] Adding event detail: Active Time, value: 0:00:00
20200730-18:46:06.891 [etscrape] [DEBUG   ] Adding event: INPUT, occurred: 09/06/2020 22:44:25 [UTC]
20200730-18:46:06.891 [etscrape] [DEBUG   ] Adding event detail: Current Speed, value: 0
20200730-18:46:06.892 [etscrape] [DEBUG   ] Adding event detail: Input, value: 1 - [ET] Engine Oil Pressure, [ST] Seat
20200730-18:46:06.892 [etscrape] [DEBUG   ] Adding event detail: State, value: 0
20200730-18:46:06.892 [etscrape] [DEBUG   ] Adding event detail: Active Time, value: 0:00:00
20200730-18:46:06.892 [etscrape] [DEBUG   ] Adding event: INPUT, occurred: 09/06/2020 22:44:25 [UTC]
20200730-18:46:06.892 [etscrape] [DEBUG   ] Adding event detail: Current Speed, value: 0
20200730-18:46:06.892 [etscrape] [DEBUG   ] Adding event detail: Input, value: 1 - [ET] Engine Oil Pressure, [ST] Seat
20200730-18:46:06.892 [etscrape] [DEBUG   ] Adding event detail: State, value: 1
20200730-18:46:06.892 [etscrape] [DEBUG   ] Adding event detail: Active Time, value: 0:00:00
20200730-18:46:06.893 [etscrape] [DEBUG   ] Adding event: INPUT, occurred: 09/06/2020 22:44:23 [UTC]
20200730-18:46:06.893 [etscrape] [DEBUG   ] Adding event detail: Current Speed, value: 0
20200730-18:46:06.893 [etscrape] [DEBUG   ] Adding event detail: Input, value: 1 - [ET] Engine Oil Pressure, [ST] Seat
20200730-18:46:06.893 [etscrape] [DEBUG   ] Adding event detail: State, value: 0
20200730-18:46:06.893 [etscrape] [DEBUG   ] Adding event detail: Active Time, value: 0:00:45
20200730-18:46:06.893 [etscrape] [DEBUG   ] Adding event: INPUT, occurred: 09/06/2020 22:44:24 [UTC]
20200730-18:46:06.893 [etscrape] [DEBUG   ] Adding event detail: Current Speed, value: 0
20200730-18:46:06.894 [etscrape] [DEBUG   ] Adding event detail: Input, value: 1 - [ET] Engine Oil Pressure, [ST] Seat
20200730-18:46:06.894 [etscrape] [DEBUG   ] Adding event detail: State, value: 1
20200730-18:46:06.894 [etscrape] [DEBUG   ] Adding event detail: Active Time, value: 0:00:00
20200730-18:46:06.894 [etscrape] [DEBUG   ] Adding event: INPUT, occurred: 09/06/2020 22:44:25 [UTC]
20200730-18:46:06.894 [etscrape] [DEBUG   ] Adding event detail: Current Speed, value: 0
20200730-18:46:06.894 [etscrape] [DEBUG   ] Adding event detail: Input, value: 1 - [ET] Engine Oil Pressure, [ST] Seat
20200730-18:46:06.894 [etscrape] [DEBUG   ] Adding event detail: State, value: 0
20200730-18:46:06.895 [etscrape] [DEBUG   ] Adding event detail: Active Time, value: 0:00:01
20200730-18:46:06.895 [etscrape] [DEBUG   ] Adding event: INPUT, occurred: 09/06/2020 22:44:26 [UTC]
20200730-18:46:06.895 [etscrape] [DEBUG   ] Adding event detail: Current Speed, value: 0
20200730-18:46:06.895 [etscrape] [DEBUG   ] Adding event detail: Input, value: 1 - [ET] Engine Oil Pressure, [ST] Seat
20200730-18:46:06.895 [etscrape] [DEBUG   ] Adding event detail: State, value: 1
20200730-18:46:06.895 [etscrape] [DEBUG   ] Adding event detail: Active Time, value: 0:00:00
20200730-18:46:06.895 [etscrape] [DEBUG   ] Adding event: INPUT, occurred: 09/06/2020 22:44:28 [UTC]
20200730-18:46:06.896 [etscrape] [DEBUG   ] Adding event detail: Current Speed, value: 0
20200730-18:46:06.896 [etscrape] [DEBUG   ] Adding event detail: Input, value: 1 - [ET] Engine Oil Pressure, [ST] Seat
20200730-18:46:06.896 [etscrape] [DEBUG   ] Adding event detail: State, value: 0
20200730-18:46:06.896 [etscrape] [DEBUG   ] Adding event detail: Active Time, value: 0:00:02
20200730-18:46:06.896 [etscrape] [DEBUG   ] Adding event: INPUT, occurred: 09/06/2020 22:44:28 [UTC]
20200730-18:46:06.896 [etscrape] [DEBUG   ] Adding event detail: Current Speed, value: 0
20200730-18:46:06.896 [etscrape] [DEBUG   ] Adding event detail: Input, value: 1 - [ET] Engine Oil Pressure, [ST] Seat
20200730-18:46:06.897 [etscrape] [DEBUG   ] Adding event detail: State, value: 1
20200730-18:46:06.897 [etscrape] [DEBUG   ] Adding event detail: Active Time, value: 0:00:00
20200730-18:46:06.897 [etscrape] [DEBUG   ] Adding event: INPUT, occurred: 09/06/2020 22:44:28 [UTC]
20200730-18:46:06.897 [etscrape] [DEBUG   ] Adding event detail: Current Speed, value: 0
20200730-18:46:06.897 [etscrape] [DEBUG   ] Adding event detail: Input, value: 1 - [ET] Engine Oil Pressure, [ST] Seat
20200730-18:46:06.897 [etscrape] [DEBUG   ] Adding event detail: State, value: 0
20200730-18:46:06.897 [etscrape] [DEBUG   ] Adding event detail: Active Time, value: 0:00:24
20200730-18:46:06.898 [etscrape] [DEBUG   ] Adding event: INPUT, occurred: 09/06/2020 22:44:28 [UTC]
20200730-18:46:06.898 [etscrape] [DEBUG   ] Adding event detail: Current Speed, value: 0
20200730-18:46:06.898 [etscrape] [DEBUG   ] Adding event detail: Input, value: 1 - [ET] Engine Oil Pressure, [ST] Seat
20200730-18:46:06.898 [etscrape] [DEBUG   ] Adding event detail: State, value: 1
20200730-18:46:06.898 [etscrape] [DEBUG   ] Adding event detail: Active Time, value: 0:00:00
20200730-18:46:06.898 [etscrape] [DEBUG   ] Adding event: INPUT, occurred: 09/06/2020 22:44:20 [UTC]
20200730-18:46:06.898 [etscrape] [DEBUG   ] Adding event detail: Current Speed, value: 0
20200730-18:46:06.899 [etscrape] [DEBUG   ] Adding event detail: Input, value: 1 - [ET] Engine Oil Pressure, [ST] Seat
20200730-18:46:06.899 [etscrape] [DEBUG   ] Adding event detail: State, value: 0
20200730-18:46:06.899 [etscrape] [DEBUG   ] Adding event detail: Active Time, value: 0:00:04
20200730-18:46:06.899 [etscrape] [DEBUG   ] Adding event: INPUT, occurred: 09/06/2020 22:44:21 [UTC]
20200730-18:46:06.899 [etscrape] [DEBUG   ] Adding event detail: Current Speed, value: 0
20200730-18:46:06.899 [etscrape] [DEBUG   ] Adding event detail: Input, value: 1 - [ET] Engine Oil Pressure, [ST] Seat
20200730-18:46:06.899 [etscrape] [DEBUG   ] Adding event detail: State, value: 1
20200730-18:46:06.900 [etscrape] [DEBUG   ] Adding event detail: Active Time, value: 0:00:00
20200730-18:46:06.900 [etscrape] [DEBUG   ] Adding event: INPUT, occurred: 09/06/2020 22:44:21 [UTC]
20200730-18:46:06.900 [etscrape] [DEBUG   ] Adding event detail: Current Speed, value: 0
20200730-18:46:06.900 [etscrape] [DEBUG   ] Adding event detail: Input, value: 1 - [ET] Engine Oil Pressure, [ST] Seat
20200730-18:46:06.900 [etscrape] [DEBUG   ] Adding event detail: State, value: 0
20200730-18:46:06.900 [etscrape] [DEBUG   ] Adding event detail: Active Time, value: 0:00:00
20200730-18:46:06.900 [etscrape] [DEBUG   ] Adding event: INPUT, occurred: 09/06/2020 22:44:21 [UTC]
20200730-18:46:06.901 [etscrape] [DEBUG   ] Adding event detail: Current Speed, value: 0
20200730-18:46:06.901 [etscrape] [DEBUG   ] Adding event detail: Input, value: 1 - [ET] Engine Oil Pressure, [ST] Seat
20200730-18:46:06.901 [etscrape] [DEBUG   ] Adding event detail: State, value: 1
20200730-18:46:06.901 [etscrape] [DEBUG   ] Adding event detail: Active Time, value: 0:00:00
20200730-18:46:06.901 [etscrape] [DEBUG   ] Adding event: INPUT, occurred: 09/06/2020 22:44:22 [UTC]
20200730-18:46:06.901 [etscrape] [DEBUG   ] Adding event detail: Current Speed, value: 0
20200730-18:46:06.901 [etscrape] [DEBUG   ] Adding event detail: Input, value: 1 - [ET] Engine Oil Pressure, [ST] Seat
20200730-18:46:06.902 [etscrape] [DEBUG   ] Adding event detail: State, value: 0
20200730-18:46:06.902 [etscrape] [DEBUG   ] Adding event detail: Active Time, value: 0:00:01
20200730-18:46:06.902 [etscrape] [DEBUG   ] Adding event: INPUT, occurred: 09/06/2020 22:44:22 [UTC]
20200730-18:46:06.902 [etscrape] [DEBUG   ] Adding event detail: Current Speed, value: 0
20200730-18:46:06.902 [etscrape] [DEBUG   ] Adding event detail: Input, value: 1 - [ET] Engine Oil Pressure, [ST] Seat
20200730-18:46:06.902 [etscrape] [DEBUG   ] Adding event detail: State, value: 1
20200730-18:46:06.902 [etscrape] [DEBUG   ] Adding event detail: Active Time, value: 0:00:00
20200730-18:46:06.903 [etscrape] [DEBUG   ] Adding event: INPUT, occurred: 09/06/2020 22:44:29 [UTC]
20200730-18:46:06.903 [etscrape] [DEBUG   ] Adding event detail: Current Speed, value: 0
20200730-18:46:06.903 [etscrape] [DEBUG   ] Adding event detail: Input, value: 1 - [ET] Engine Oil Pressure, [ST] Seat
20200730-18:46:06.903 [etscrape] [DEBUG   ] Adding event detail: State, value: 0
20200730-18:46:06.903 [etscrape] [DEBUG   ] Adding event detail: Active Time, value: 0:01:43
20200730-18:46:06.903 [etscrape] [DEBUG   ] Adding event: INPUT, occurred: 09/06/2020 22:44:29 [UTC]
20200730-18:46:06.903 [etscrape] [DEBUG   ] Adding event detail: Current Speed, value: 0
20200730-18:46:06.904 [etscrape] [DEBUG   ] Adding event detail: Input, value: 1 - [ET] Engine Oil Pressure, [ST] Seat
20200730-18:46:06.904 [etscrape] [DEBUG   ] Adding event detail: State, value: 1
20200730-18:46:06.904 [etscrape] [DEBUG   ] Adding event detail: Active Time, value: 0:00:00
20200730-18:53:00.176 [etscrape] [INFO    ] Program version : 0.5
20200730-18:53:07.143 [etscrape] [INFO    ] Opened and read log file : /home/mike/python/etscrape/logs/10004-a
20200730-18:53:07.207 [etscrape] [ERROR   ] No Controller ID for trip.
20200730-18:53:07.221 [etscrape] [ERROR   ] No Controller ID for trip.
20200730-18:53:07.243 [etscrape] [ERROR   ] No Controller ID for trip.
20200730-18:53:07.269 [etscrape] [ERROR   ] No Controller ID for trip.
20200730-18:53:07.310 [etscrape] [ERROR   ] No Controller ID for trip.
20200730-18:53:07.311 [etscrape] [ERROR   ] No Controller ID for trip.
20200730-18:53:07.314 [etscrape] [ERROR   ] No Controller ID for trip.
20200730-18:53:07.317 [etscrape] [ERROR   ] No Controller ID for trip.
20200730-18:53:07.320 [etscrape] [ERROR   ] No Controller ID for trip.
20200730-18:53:07.322 [etscrape] [ERROR   ] No Controller ID for trip.
20200730-18:53:07.325 [etscrape] [ERROR   ] No Controller ID for trip.
20200730-18:53:07.339 [etscrape] [ERROR   ] No Controller ID for trip.
20200730-18:55:01.949 [etscrape] [INFO    ] Program version : 0.5
20200730-18:55:10.162 [etscrape] [INFO    ] Opened and read log file : /home/mike/python/etscrape/logs/10007-b
20200730-18:55:10.315 [etscrape] [ERROR   ] No Controller ID for trip.
20200730-18:55:10.320 [etscrape] [ERROR   ] No Controller ID for trip.
20200730-18:55:10.321 [etscrape] [ERROR   ] No Controller ID for trip.
20200730-18:55:10.323 [etscrape] [ERROR   ] No Controller ID for trip.
20200730-18:55:10.324 [etscrape] [ERROR   ] No Controller ID for trip.
20200730-18:55:10.325 [etscrape] [ERROR   ] No Controller ID for trip.
20200730-18:55:10.326 [etscrape] [ERROR   ] No Controller ID for trip.
20200730-18:55:10.328 [etscrape] [ERROR   ] No Controller ID for trip.
20200730-18:55:10.331 [etscrape] [ERROR   ] No Controller ID for trip.
20200730-18:55:10.334 [etscrape] [ERROR   ] No Controller ID for trip.
20200730-18:55:10.335 [etscrape] [ERROR   ] No Controller ID for trip.
20200730-18:55:10.336 [etscrape] [ERROR   ] No Controller ID for trip.
20200730-18:55:10.338 [etscrape] [ERROR   ] No Controller ID for trip.
20200730-18:55:10.339 [etscrape] [ERROR   ] No Controller ID for trip.
20200730-18:55:10.343 [etscrape] [ERROR   ] No Controller ID for trip.
20200730-18:55:10.344 [etscrape] [ERROR   ] No Controller ID for trip.
20200730-18:55:10.346 [etscrape] [ERROR   ] No Controller ID for trip.
20200730-18:55:10.348 [etscrape] [ERROR   ] No Controller ID for trip.
20200730-18:55:10.350 [etscrape] [ERROR   ] No Controller ID for trip.
20200730-18:55:10.353 [etscrape] [ERROR   ] No Controller ID for trip.
20200730-18:55:10.357 [etscrape] [ERROR   ] No Controller ID for trip.
20200730-18:55:10.360 [etscrape] [ERROR   ] No Controller ID for trip.
20200730-18:55:10.363 [etscrape] [ERROR   ] No Controller ID for trip.
20200730-18:55:10.364 [etscrape] [ERROR   ] No Controller ID for trip.
20200730-18:55:10.366 [etscrape] [ERROR   ] No Controller ID for trip.
20200730-18:55:10.367 [etscrape] [ERROR   ] No Controller ID for trip.
20200730-18:55:10.369 [etscrape] [ERROR   ] No Controller ID for trip.
20200730-18:55:10.371 [etscrape] [ERROR   ] No Controller ID for trip.
20200730-18:55:10.373 [etscrape] [ERROR   ] No Controller ID for trip.
20200730-18:55:10.374 [etscrape] [ERROR   ] No Controller ID for trip.
20200730-18:55:10.376 [etscrape] [ERROR   ] No Controller ID for trip.
20200730-18:55:10.377 [etscrape] [ERROR   ] No Controller ID for trip.
20200730-18:55:10.378 [etscrape] [ERROR   ] No Controller ID for trip.
20200730-18:55:10.379 [etscrape] [ERROR   ] No Controller ID for trip.
20200730-18:55:10.381 [etscrape] [ERROR   ] Detected Controller ID for trip 10007
20200730-18:55:10.386 [etscrape] [ERROR   ] Detected Controller ID for trip 10007
20200730-18:55:10.389 [etscrape] [ERROR   ] Detected Controller ID for trip 10007
20200730-18:55:18.487 [etscrape] [INFO    ] Opened and read log file : /home/mike/python/etscrape/logs/10004-a
20200730-18:55:18.662 [etscrape] [ERROR   ] No Controller ID for trip.
20200730-18:55:18.665 [etscrape] [ERROR   ] Detected Controller ID for trip 10004
20200730-18:55:18.685 [etscrape] [ERROR   ] Detected Controller ID for trip 10004
20200730-18:55:18.690 [etscrape] [ERROR   ] Detected Controller ID for trip 10004
20200730-18:55:18.731 [etscrape] [ERROR   ] No Controller ID for trip.
20200730-18:55:18.732 [etscrape] [ERROR   ] No Controller ID for trip.
20200730-18:55:18.734 [etscrape] [ERROR   ] No Controller ID for trip.
20200730-18:55:18.736 [etscrape] [ERROR   ] No Controller ID for trip.
20200730-18:55:18.738 [etscrape] [ERROR   ] No Controller ID for trip.
20200730-18:55:18.739 [etscrape] [ERROR   ] No Controller ID for trip.
20200730-18:55:18.741 [etscrape] [ERROR   ] No Controller ID for trip.
20200730-18:55:18.744 [etscrape] [ERROR   ] Detected Controller ID for trip 10004
20200730-18:55:56.675 [etscrape] [INFO    ] Program version : 0.5
20200730-18:56:47.789 [etscrape] [INFO    ] Opened and read log file : /home/mike/python/etscrape/logs/10007-b
20200730-18:56:47.940 [etscrape] [ERROR   ] No Controller ID for trip.
20200730-18:56:47.946 [etscrape] [ERROR   ] No Controller ID for trip.
20200730-18:56:47.947 [etscrape] [ERROR   ] No Controller ID for trip.
20200730-18:56:47.951 [etscrape] [ERROR   ] No Controller ID for trip.
20200730-18:56:47.953 [etscrape] [ERROR   ] No Controller ID for trip.
20200730-18:56:47.955 [etscrape] [ERROR   ] No Controller ID for trip.
20200730-18:56:47.957 [etscrape] [ERROR   ] No Controller ID for trip.
20200730-18:56:47.960 [etscrape] [ERROR   ] No Controller ID for trip.
20200730-18:56:47.965 [etscrape] [ERROR   ] No Controller ID for trip.
20200730-18:56:47.969 [etscrape] [ERROR   ] No Controller ID for trip.
20200730-18:56:47.971 [etscrape] [ERROR   ] No Controller ID for trip.
20200730-18:56:47.973 [etscrape] [ERROR   ] No Controller ID for trip.
20200730-18:56:47.975 [etscrape] [ERROR   ] No Controller ID for trip.
20200730-18:56:47.978 [etscrape] [ERROR   ] No Controller ID for trip.
20200730-18:56:47.981 [etscrape] [ERROR   ] No Controller ID for trip.
20200730-18:56:47.983 [etscrape] [ERROR   ] No Controller ID for trip.
20200730-18:56:47.986 [etscrape] [ERROR   ] No Controller ID for trip.
20200730-18:56:47.989 [etscrape] [ERROR   ] No Controller ID for trip.
20200730-18:56:47.992 [etscrape] [ERROR   ] No Controller ID for trip.
20200730-18:56:47.996 [etscrape] [ERROR   ] No Controller ID for trip.
20200730-18:56:48.001 [etscrape] [ERROR   ] No Controller ID for trip.
20200730-18:56:48.003 [etscrape] [ERROR   ] No Controller ID for trip.
20200730-18:56:48.006 [etscrape] [ERROR   ] No Controller ID for trip.
20200730-18:56:48.008 [etscrape] [ERROR   ] No Controller ID for trip.
20200730-18:56:48.010 [etscrape] [ERROR   ] No Controller ID for trip.
20200730-18:56:48.012 [etscrape] [ERROR   ] No Controller ID for trip.
20200730-18:56:48.016 [etscrape] [ERROR   ] No Controller ID for trip.
20200730-18:56:48.018 [etscrape] [ERROR   ] No Controller ID for trip.
20200730-18:56:48.020 [etscrape] [ERROR   ] No Controller ID for trip.
20200730-18:56:48.022 [etscrape] [ERROR   ] No Controller ID for trip.
20200730-18:56:48.024 [etscrape] [ERROR   ] No Controller ID for trip.
20200730-18:56:48.025 [etscrape] [ERROR   ] No Controller ID for trip.
20200730-18:56:48.026 [etscrape] [ERROR   ] No Controller ID for trip.
20200730-18:56:48.027 [etscrape] [ERROR   ] No Controller ID for trip.
20200730-18:56:48.029 [etscrape] [ERROR   ] Detected Controller ID for trip 10007
20200730-18:56:48.033 [etscrape] [ERROR   ] Detected Controller ID for trip 10007
20200730-18:56:48.037 [etscrape] [ERROR   ] Detected Controller ID for trip 10007
20200730-19:04:35.153 [etscrape] [INFO    ] Program version : 0.5
20200730-19:04:47.305 [etscrape] [INFO    ] Opened and read log file : /home/mike/python/etscrape/logs/10004-a
20200730-19:06:06.918 [etscrape] [INFO    ] Program version : 0.5
20200730-19:06:16.058 [etscrape] [INFO    ] Opened and read log file : /home/mike/python/etscrape/logs/10004-a
20200730-19:06:16.143 [etscrape] [ERROR   ] No Controller ID for trip.
20200730-19:06:16.150 [etscrape] [ERROR   ] Detected Controller ID for trip 10004
20200730-19:06:16.169 [etscrape] [ERROR   ] Detected Controller ID for trip 10004
20200730-19:06:16.174 [etscrape] [ERROR   ] Detected Controller ID for trip 10004
20200730-19:06:16.215 [etscrape] [ERROR   ] No Controller ID for trip.
20200730-19:06:16.216 [etscrape] [ERROR   ] No Controller ID for trip.
20200730-19:06:16.218 [etscrape] [ERROR   ] No Controller ID for trip.
20200730-19:06:16.220 [etscrape] [ERROR   ] No Controller ID for trip.
20200730-19:06:16.222 [etscrape] [ERROR   ] No Controller ID for trip.
20200730-19:06:16.223 [etscrape] [ERROR   ] No Controller ID for trip.
20200730-19:06:16.225 [etscrape] [ERROR   ] No Controller ID for trip.
20200730-19:06:16.228 [etscrape] [ERROR   ] Detected Controller ID for trip 10004
20200730-19:39:03.460 [etscrape] [INFO    ] Program version : 0.5
20200730-19:39:11.407 [etscrape] [INFO    ] Opened and read log file : /home/mike/python/etscrape/logs/10004-a
20200730-19:39:57.903 [etscrape] [INFO    ] Program version : 0.5
20200730-19:40:06.831 [etscrape] [INFO    ] Opened and read log file : /home/mike/python/etscrape/logs/10004-a
20200730-19:40:06.909 [etscrape] [ERROR   ] No Controller ID for trip.
20200730-19:40:06.915 [etscrape] [ERROR   ] Detected Controller ID for trip 10004
20200730-19:40:06.935 [etscrape] [ERROR   ] Detected Controller ID for trip 10004
20200730-19:40:06.940 [etscrape] [ERROR   ] Detected Controller ID for trip 10004
20200730-19:40:06.980 [etscrape] [ERROR   ] No Controller ID for trip.
20200730-19:40:06.981 [etscrape] [ERROR   ] No Controller ID for trip.
20200730-19:40:06.983 [etscrape] [ERROR   ] No Controller ID for trip.
20200730-19:40:06.985 [etscrape] [ERROR   ] No Controller ID for trip.
20200730-19:40:06.986 [etscrape] [ERROR   ] No Controller ID for trip.
20200730-19:40:06.988 [etscrape] [ERROR   ] No Controller ID for trip.
20200730-19:40:06.990 [etscrape] [ERROR   ] No Controller ID for trip.
20200730-19:40:06.992 [etscrape] [ERROR   ] Detected Controller ID for trip 10004
20200730-19:40:18.514 [etscrape] [INFO    ] Opened and read log file : /home/mike/python/etscrape/logs/9278-c
20200730-19:40:18.623 [etscrape] [ERROR   ] Detected Controller ID for trip 9278
20200730-19:40:18.632 [etscrape] [ERROR   ] Detected Controller ID for trip 9278
20200730-19:40:28.760 [etscrape] [INFO    ] Opened and read log file : /home/mike/python/etscrape/logs/9279-c
20200730-19:40:52.824 [etscrape] [INFO    ] Opened and read log file : /home/mike/python/etscrape/logs/10027-a.csv
20200730-19:40:52.837 [etscrape] [ERROR   ] Detected Controller ID for trip 10027
20200730-19:40:52.839 [etscrape] [ERROR   ] Detected Controller ID for trip 10027
20200730-19:40:52.840 [etscrape] [ERROR   ] Detected Controller ID for trip 10027
20200730-19:40:52.842 [etscrape] [ERROR   ] Detected Controller ID for trip 10027
20200730-19:40:52.843 [etscrape] [ERROR   ] Detected Controller ID for trip 10027
20200730-19:40:52.844 [etscrape] [ERROR   ] Detected Controller ID for trip 10027
20200730-19:40:52.846 [etscrape] [ERROR   ] Detected Controller ID for trip 10027
20200730-19:40:52.847 [etscrape] [ERROR   ] Detected Controller ID for trip 10027
20200730-19:40:52.848 [etscrape] [ERROR   ] Detected Controller ID for trip 10027
20200730-19:40:52.849 [etscrape] [ERROR   ] Detected Controller ID for trip 10027
20200730-19:40:52.849 [etscrape] [ERROR   ] Detected Controller ID for trip 10027
20200730-19:40:52.851 [etscrape] [ERROR   ] Detected Controller ID for trip 10027
20200730-19:40:52.852 [etscrape] [ERROR   ] Detected Controller ID for trip 10027
20200730-19:40:52.853 [etscrape] [ERROR   ] Detected Controller ID for trip 10027
20200730-19:40:52.855 [etscrape] [ERROR   ] Detected Controller ID for trip 10027
20200730-19:40:52.856 [etscrape] [ERROR   ] Detected Controller ID for trip 10027
20200730-19:40:52.857 [etscrape] [ERROR   ] Detected Controller ID for trip 10027
20200730-19:40:52.860 [etscrape] [ERROR   ] Detected Controller ID for trip 10027
20200730-19:40:52.861 [etscrape] [ERROR   ] Detected Controller ID for trip 10027
20200730-19:40:52.862 [etscrape] [ERROR   ] No Controller ID for trip.
20200730-19:40:52.862 [etscrape] [ERROR   ] Detected Controller ID for trip 10027
20200730-19:40:52.864 [etscrape] [ERROR   ] Detected Controller ID for trip 10027
20200730-19:40:52.866 [etscrape] [ERROR   ] Detected Controller ID for trip 10027
20200730-19:40:52.867 [etscrape] [ERROR   ] Detected Controller ID for trip 10027
20200730-19:40:52.870 [etscrape] [ERROR   ] Detected Controller ID for trip 10027
20200730-19:40:52.872 [etscrape] [ERROR   ] Detected Controller ID for trip 10027
20200730-19:40:52.874 [etscrape] [ERROR   ] Detected Controller ID for trip 10027
20200730-19:40:52.876 [etscrape] [ERROR   ] Detected Controller ID for trip 10027
20200730-19:40:52.877 [etscrape] [ERROR   ] Detected Controller ID for trip 10027
20200730-19:40:52.878 [etscrape] [ERROR   ] Detected Controller ID for trip 10027
20200730-19:40:52.879 [etscrape] [ERROR   ] Detected Controller ID for trip 10027
20200730-19:40:52.881 [etscrape] [ERROR   ] Detected Controller ID for trip 10027
20200730-19:40:52.883 [etscrape] [ERROR   ] Detected Controller ID for trip 10027
20200730-19:40:52.886 [etscrape] [ERROR   ] Detected Controller ID for trip 10027
20200730-19:40:52.888 [etscrape] [ERROR   ] Detected Controller ID for trip 10027
20200730-19:40:52.889 [etscrape] [ERROR   ] Detected Controller ID for trip 10027
20200730-19:40:52.890 [etscrape] [ERROR   ] Detected Controller ID for trip 10027
20200730-19:40:52.891 [etscrape] [ERROR   ] Detected Controller ID for trip 10027
20200730-19:40:52.892 [etscrape] [ERROR   ] Detected Controller ID for trip 10027
20200730-19:40:52.892 [etscrape] [ERROR   ] Detected Controller ID for trip 10027
20200730-19:40:52.894 [etscrape] [ERROR   ] Detected Controller ID for trip 10027
20200730-19:40:52.895 [etscrape] [ERROR   ] Detected Controller ID for trip 10027
20200730-19:40:52.896 [etscrape] [ERROR   ] Detected Controller ID for trip 10027
20200730-19:40:52.897 [etscrape] [ERROR   ] Detected Controller ID for trip 10027
20200730-19:40:52.897 [etscrape] [ERROR   ] Detected Controller ID for trip 10027
20200730-19:40:52.898 [etscrape] [ERROR   ] Detected Controller ID for trip 10027
20200730-19:40:52.898 [etscrape] [ERROR   ] Detected Controller ID for trip 10027
20200730-19:43:23.618 [etscrape] [INFO    ] Program version : 0.5
20200730-19:43:35.170 [etscrape] [INFO    ] Opened and read log file : /home/mike/python/etscrape/logs/10004-a
20200730-19:44:18.539 [etscrape] [INFO    ] Opened and wrote export file : /home/mike/Desktop/trip.txt
20200730-19:47:20.187 [etscrape] [INFO    ] Program version : 0.5
20200730-19:47:37.098 [etscrape] [INFO    ] Opened and read log file : /home/mike/python/etscrape/logs/10007-a.csv
20200730-19:54:11.704 [etscrape] [INFO    ] Program version : 0.5
20200730-19:54:28.037 [etscrape] [INFO    ] Opened and read log file : /home/mike/python/etscrape/logs/10007-b
20200730-19:54:54.253 [etscrape] [INFO    ] Opened and read log file : /home/mike/python/etscrape/logs/9279-h.csv
20200730-19:55:24.616 [etscrape] [INFO    ] Opened and read log file : /home/mike/python/etscrape/logs/10007-b.csv
20200730-19:56:25.365 [etscrape] [INFO    ] Program version : 0.5
20200730-19:57:34.738 [etscrape] [INFO    ] Program version : 0.5
20200730-19:57:53.122 [etscrape] [INFO    ] Opened and read log file : /home/mike/python/etscrape/logs/10604-h.csv
20200730-19:58:22.678 [etscrape] [INFO    ] Opened and read log file : /home/mike/python/etscrape/logs/9279-h.csv
20200730-19:59:31.917 [etscrape] [INFO    ] Opened and read log file : /home/mike/python/etscrape/logs/9278-h.csv
20200730-20:01:22.362 [etscrape] [INFO    ] Opened and read log file : /home/mike/python/etscrape/logs/9279-b.csv
20200730-20:02:03.704 [etscrape] [INFO    ] Opened and read log file : /home/mike/python/etscrape/logs/9606-b
20200730-20:02:25.462 [etscrape] [INFO    ] Opened and read log file : /home/mike/python/etscrape/logs/10004-b.csv
20200730-20:08:37.182 [etscrape] [INFO    ] Program version : 0.5
20200730-20:08:45.860 [etscrape] [INFO    ] Opened and read log file : /home/mike/python/etscrape/logs/9279-h.csv
20200730-20:09:50.509 [etscrape] [INFO    ] Opened and read log file : /home/mike/python/etscrape/logs/9279-h.csv
20200730-20:10:28.490 [etscrape] [INFO    ] Opened and read log file : /home/mike/python/etscrape/logs/10004-b.csv
20200730-20:11:34.854 [etscrape] [INFO    ] Program version : 0.5
20200730-20:11:41.778 [etscrape] [INFO    ] Opened and read log file : /home/mike/python/etscrape/logs/10004-b.csv
20200730-20:13:48.561 [etscrape] [INFO    ] Program version : 0.5
20200730-20:14:02.879 [etscrape] [INFO    ] Opened and read log file : /home/mike/python/etscrape/logs/10004-b.csv
20200730-20:18:47.203 [etscrape] [INFO    ] Program version : 0.5
20200730-20:18:57.976 [etscrape] [INFO    ] Opened and read log file : /home/mike/python/etscrape/logs/10004-b.csv
20200730-20:21:51.233 [etscrape] [INFO    ] Program version : 0.5
20200730-20:21:57.499 [etscrape] [INFO    ] Opened and read log file : /home/mike/python/etscrape/logs/10004-b.csv
20200730-20:23:42.588 [etscrape] [INFO    ] Program version : 0.5
20200730-20:23:51.442 [etscrape] [INFO    ] Opened and read log file : /home/mike/python/etscrape/logs/10004-b.csv
20200730-20:28:06.661 [etscrape] [INFO    ] Program version : 0.5
20200730-20:28:12.652 [etscrape] [INFO    ] Opened and read log file : /home/mike/python/etscrape/logs/10004-b.csv
20200731-18:51:56.206 [etscrape] [INFO    ] Program version : 0.5
20200731-18:52:09.455 [etscrape] [INFO    ] Opened and read log file : /home/mike/python/etscrape/logs/10004-b.csv
20200731-18:58:14.626 [etscrape] [INFO    ] Program version : 0.5
20200731-18:58:21.796 [etscrape] [INFO    ] Opened and read log file : /home/mike/python/etscrape/logs/10004-b.csv
20200731-19:01:50.402 [etscrape] [INFO    ] Program version : 0.5
20200731-19:01:58.052 [etscrape] [INFO    ] Opened and read log file : /home/mike/python/etscrape/logs/10004-b.csv
20200731-19:05:59.902 [etscrape] [INFO    ] Program version : 0.5
20200731-19:06:06.615 [etscrape] [INFO    ] Opened and read log file : /home/mike/python/etscrape/logs/10004-b.csv
20200731-19:12:40.625 [etscrape] [INFO    ] Program version : 0.5
20200731-19:12:51.639 [etscrape] [INFO    ] Opened and read log file : /home/mike/python/etscrape/logs/10004-b.csv
20200731-19:14:22.854 [etscrape] [INFO    ] Program version : 0.5
20200731-19:14:29.087 [etscrape] [INFO    ] Opened and read log file : /home/mike/python/etscrape/logs/10004-b.csv
20200731-19:21:18.531 [etscrape] [INFO    ] Program version : 0.5
20200731-19:21:26.665 [etscrape] [INFO    ] Opened and read log file : /home/mike/python/etscrape/logs/10004-b.csv
20200731-19:22:49.125 [etscrape] [INFO    ] Program version : 0.5
20200731-19:22:55.035 [etscrape] [INFO    ] Opened and read log file : /home/mike/python/etscrape/logs/10004-b.csv
20200731-19:25:27.964 [etscrape] [INFO    ] Program version : 0.5
20200731-19:25:43.101 [etscrape] [INFO    ] Opened and read log file : /home/mike/python/etscrape/logs/10004-a
20200731-19:26:56.753 [etscrape] [INFO    ] Program version : 0.5
20200731-19:27:03.862 [etscrape] [INFO    ] Opened and read log file : /home/mike/python/etscrape/logs/10004-b.csv
20200731-19:27:46.742 [etscrape] [INFO    ] Program version : 0.5
20200731-19:27:55.450 [etscrape] [INFO    ] Opened and read log file : /home/mike/python/etscrape/logs/10004-b.csv
20200731-19:29:21.091 [etscrape] [INFO    ] Program version : 0.5
20200731-19:29:27.193 [etscrape] [INFO    ] Opened and read log file : /home/mike/python/etscrape/logs/10004-b.csv
20200731-19:32:44.196 [etscrape] [INFO    ] Program version : 0.5
20200731-19:32:52.272 [etscrape] [INFO    ] Opened and read log file : /home/mike/python/etscrape/logs/10004-b.csv
20200731-19:33:29.303 [etscrape] [INFO    ] Program version : 0.5
20200731-19:33:36.066 [etscrape] [INFO    ] Opened and read log file : /home/mike/python/etscrape/logs/10004-b.csv
20200731-19:35:27.029 [etscrape] [INFO    ] Program version : 0.5
20200731-19:35:33.978 [etscrape] [INFO    ] Opened and read log file : /home/mike/python/etscrape/logs/10004-b.csv
20200731-19:36:20.064 [etscrape] [INFO    ] Program version : 0.5
20200731-19:36:27.195 [etscrape] [INFO    ] Opened and read log file : /home/mike/python/etscrape/logs/10004-b.csv
20200731-19:37:38.550 [etscrape] [INFO    ] Program version : 0.5
20200731-19:37:46.707 [etscrape] [INFO    ] Opened and read log file : /home/mike/python/etscrape/logs/10004-b.csv
20200801-12:45:28.127 [etscrape] [INFO    ] Program version : 0.5
20200801-12:45:41.116 [etscrape] [INFO    ] Opened and read log file : /home/mike/python/etscrape/logs/10004-b.csv
20200801-12:47:21.151 [etscrape] [INFO    ] Program version : 0.5
20200801-12:47:28.637 [etscrape] [INFO    ] Opened and read log file : /home/mike/python/etscrape/logs/10004-b.csv
20200801-12:50:09.748 [etscrape] [INFO    ] Program version : 0.5
20200801-12:50:21.469 [etscrape] [INFO    ] Opened and read log file : /home/mike/python/etscrape/logs/10004-b.csv
20200801-12:53:11.957 [etscrape] [INFO    ] Program version : 0.5
20200801-12:55:25.675 [etscrape] [INFO    ] Program version : 0.5
20200801-12:59:03.719 [etscrape] [INFO    ] Program version : 0.5
20200801-12:59:58.499 [etscrape] [INFO    ] Opened and read log file : /home/mike/python/etscrape/logs/10004-b.csv
20200801-13:01:48.396 [etscrape] [INFO    ] Program version : 0.5
20200801-13:01:59.178 [etscrape] [INFO    ] Opened and read log file : /home/mike/python/etscrape/logs/10004-b.csv
20200801-13:05:29.562 [etscrape] [INFO    ] Program version : 0.5
20200801-13:05:36.956 [etscrape] [INFO    ] Opened and read log file : /home/mike/python/etscrape/logs/10004-b.csv
20200801-13:05:54.835 [etscrape] [INFO    ] Opened and read log file : /home/mike/python/etscrape/logs/9279-c
20200801-13:06:07.788 [etscrape] [INFO    ] Opened and read log file : /home/mike/python/etscrape/logs/9218-a
20200801-13:07:36.175 [etscrape] [INFO    ] Program version : 0.5
20200801-13:07:44.267 [etscrape] [INFO    ] Opened and read log file : /home/mike/python/etscrape/logs/10004-b.csv
20200801-13:10:05.762 [etscrape] [INFO    ] Program version : 0.5
20200801-13:10:14.540 [etscrape] [INFO    ] Opened and read log file : /home/mike/python/etscrape/logs/10004-b.csv
20200801-13:11:46.540 [etscrape] [INFO    ] Program version : 0.5
20200801-13:11:54.452 [etscrape] [INFO    ] Opened and read log file : /home/mike/python/etscrape/logs/10004-b.csv
20200801-13:12:33.769 [etscrape] [INFO    ] Program version : 0.5
20200801-13:12:40.399 [etscrape] [INFO    ] Opened and read log file : /home/mike/python/etscrape/logs/10004-b.csv
20200801-13:15:24.668 [etscrape] [INFO    ] Program version : 0.5
20200801-13:15:32.705 [etscrape] [INFO    ] Opened and read log file : /home/mike/python/etscrape/logs/10004-b.csv
20200801-13:18:16.866 [etscrape] [INFO    ] Program version : 0.5
20200801-13:18:23.368 [etscrape] [INFO    ] Opened and read log file : /home/mike/python/etscrape/logs/10004-b.csv
20200801-13:19:24.978 [etscrape] [INFO    ] Program version : 0.5
20200801-13:19:31.796 [etscrape] [INFO    ] Opened and read log file : /home/mike/python/etscrape/logs/10004-b.csv
20200801-13:23:19.930 [etscrape] [INFO    ] Program version : 0.5
20200801-13:23:29.467 [etscrape] [INFO    ] Opened and read log file : /home/mike/python/etscrape/logs/10004-b.csv
20200801-13:32:29.021 [etscrape] [INFO    ] Program version : 0.5
20200801-13:32:57.071 [etscrape] [INFO    ] Program version : 0.5
20200801-13:33:06.203 [etscrape] [INFO    ] Opened and read log file : /home/mike/python/etscrape/logs/10004-b.csv
20200801-13:35:51.530 [etscrape] [INFO    ] Program version : 0.5
20200801-13:36:01.891 [etscrape] [INFO    ] Opened and read log file : /home/mike/python/etscrape/logs/10004-b.csv
20200801-13:40:48.814 [etscrape] [INFO    ] Program version : 0.5
20200801-13:41:13.962 [etscrape] [INFO    ] Program version : 0.5
20200801-13:42:55.992 [etscrape] [INFO    ] Program version : 0.5
20200801-13:45:13.324 [etscrape] [INFO    ] Program version : 0.5
20200801-13:46:38.131 [etscrape] [INFO    ] Program version : 0.5
20200801-13:47:25.877 [etscrape] [INFO    ] Program version : 0.5
20200801-13:47:34.387 [etscrape] [INFO    ] Opened and read log file : /home/mike/python/etscrape/logs/10004-b.csv
20200801-13:49:01.351 [etscrape] [INFO    ] Program version : 0.5
20200801-13:49:08.026 [etscrape] [INFO    ] Opened and read log file : /home/mike/python/etscrape/logs/10004-b.csv
20200801-13:50:37.877 [etscrape] [INFO    ] Program version : 0.5
20200801-13:50:45.276 [etscrape] [INFO    ] Opened and read log file : /home/mike/python/etscrape/logs/10004-b.csv
20200801-13:54:08.234 [etscrape] [INFO    ] Program version : 0.5
20200801-13:54:15.881 [etscrape] [INFO    ] Opened and read log file : /home/mike/python/etscrape/logs/10004-b.csv
20200801-13:55:30.534 [etscrape] [INFO    ] Program version : 0.5
20200801-13:55:37.432 [etscrape] [INFO    ] Opened and read log file : /home/mike/python/etscrape/logs/10004-b.csv
20200801-14:04:38.173 [etscrape] [INFO    ] Program version : 0.5
20200801-14:04:45.679 [etscrape] [INFO    ] Opened and read log file : /home/mike/python/etscrape/logs/10004-b.csv
20200801-14:16:31.053 [etscrape] [INFO    ] Program version : 0.5
20200801-14:16:48.422 [etscrape] [INFO    ] Opened and read log file : /home/mike/python/etscrape/logs/9218-a
20200801-14:17:24.958 [etscrape] [INFO    ] Opened and read log file : /home/mike/python/etscrape/logs/9218-a
20200801-14:17:43.195 [etscrape] [INFO    ] Opened and read log file : /home/mike/python/etscrape/logs/9606-d
20200801-14:18:19.549 [etscrape] [INFO    ] Opened and read log file : /home/mike/python/etscrape/logs/9278-h.csv
20200801-14:19:45.496 [etscrape] [INFO    ] Opened and read log file : /home/mike/python/etscrape/logs/ute-a
20200801-14:20:03.810 [etscrape] [INFO    ] Opened and read log file : /home/mike/python/etscrape/logs/9278-h.csv
20200801-14:21:28.767 [etscrape] [INFO    ] Opened and read log file : /home/mike/python/etscrape/logs/9279-e.csv
20200801-14:21:45.330 [etscrape] [INFO    ] Opened and read log file : /home/mike/python/etscrape/logs/10027-a.csv
20200801-14:21:58.775 [etscrape] [INFO    ] Opened and read log file : /home/mike/python/etscrape/logs/10004-b.csv
20200801-14:22:24.350 [etscrape] [INFO    ] Opened and read log file : /home/mike/python/etscrape/logs/9278-b.csv
20200801-14:23:37.381 [etscrape] [INFO    ] Opened and read log file : /home/mike/python/etscrape/logs/9606-b
20200801-14:23:53.376 [etscrape] [INFO    ] Opened and read log file : /home/mike/python/etscrape/logs/9582-a
20200801-14:24:06.751 [etscrape] [INFO    ] Opened and read log file : /home/mike/python/etscrape/logs/10247-c
20200801-14:24:24.958 [etscrape] [INFO    ] Opened and read log file : /home/mike/python/etscrape/logs/10247-e
20200801-14:24:39.916 [etscrape] [INFO    ] Opened and read log file : /home/mike/python/etscrape/logs/9218-a
20200801-14:25:10.435 [etscrape] [INFO    ] Opened and read log file : /home/mike/python/etscrape/logs/10013-a.csv
20200801-14:27:01.380 [etscrape] [INFO    ] Opened and read log file : /home/mike/python/etscrape/logs/10019-a.csv
20200801-14:27:43.126 [etscrape] [INFO    ] Opened and read log file : /home/mike/python/etscrape/logs/10027-a.csv
20200801-14:28:00.473 [etscrape] [INFO    ] Opened and read log file : /home/mike/python/etscrape/logs/10247-c
20200801-14:29:55.948 [etscrape] [INFO    ] Opened and read log file : /home/mike/python/etscrape/logs/10604-g.csv
20200801-14:47:53.778 [etscrape] [INFO    ] Opened and read log file : /home/mike/python/etscrape/logs/9606-b
20200801-15:10:30.680 [etscrape] [INFO    ] Opened and read log file : /home/mike/python/etscrape/logs/10604-h.csv
20200801-15:11:07.540 [etscrape] [INFO    ] Opened and read log file : /home/mike/python/etscrape/logs/9606-a
20200801-15:11:22.211 [etscrape] [INFO    ] Opened and read log file : /home/mike/python/etscrape/logs/9606-b
20200801-15:11:43.162 [etscrape] [INFO    ] Opened and read log file : /home/mike/python/etscrape/logs/9606-c
20200801-15:12:01.533 [etscrape] [INFO    ] Opened and read log file : /home/mike/python/etscrape/logs/9606-d
20200801-15:12:18.369 [etscrape] [INFO    ] Opened and read log file : /home/mike/python/etscrape/logs/ute-a
20200801-15:38:45.350 [etscrape] [INFO    ] Opened and read log file : /home/mike/python/etscrape/logs/9278-c
20200801-15:38:56.437 [etscrape] [INFO    ] Opened and read log file : /home/mike/python/etscrape/logs/9279-c
20200801-16:05:40.913 [etscrape] [INFO    ] Opened and read log file : /home/mike/python/etscrape/logs/9218-a
20200801-16:06:02.933 [etscrape] [INFO    ] Opened and read log file : /home/mike/python/etscrape/logs/10247-f
20200801-16:12:53.565 [etscrape] [INFO    ] Opened and read log file : /home/mike/python/etscrape/logs/10004-b.csv
20200801-16:13:33.643 [etscrape] [INFO    ] Opened and read log file : /home/mike/python/etscrape/logs/9278-h.csv
20200801-16:14:26.463 [etscrape] [INFO    ] Opened and read log file : /home/mike/python/etscrape/logs/10247-f
20200801-16:15:02.375 [etscrape] [INFO    ] Opened and read log file : /home/mike/python/etscrape/logs/10247-e
20200801-16:15:18.294 [etscrape] [INFO    ] Opened and read log file : /home/mike/python/etscrape/logs/10247-d
20200801-18:31:18.071 [etscrape] [INFO    ] Program version : 0.5
20200802-12:21:22.113 [etscrape] [INFO    ] Program version : 0.5
20200802-12:21:47.507 [etscrape] [INFO    ] Opened and read log file : /home/mike/python/etscrape/logs/10004-b.csv
20200802-13:19:09.160 [etscrape] [INFO    ] Program version : 0.5
20200802-13:19:21.770 [etscrape] [INFO    ] Opened and read log file : /home/mike/python/etscrape/logs/10247-f.csv
20200805-20:01:38.395 [etscrape] [INFO    ] Program version : 0.5
20200805-20:01:52.281 [etscrape] [INFO    ] Opened and read log file : /home/mike/python/etscrape/logs/10247-f
20200805-20:03:58.730 [etscrape] [INFO    ] Program version : 0.5
20200805-20:04:09.741 [etscrape] [INFO    ] Opened and read log file : /home/mike/python/etscrape/logs/10247-f
20200805-20:04:55.901 [etscrape] [INFO    ] Program version : 0.5
20200805-20:05:03.208 [etscrape] [INFO    ] Opened and read log file : /home/mike/python/etscrape/logs/10247-a
20200805-20:06:30.816 [etscrape] [INFO    ] Program version : 0.5
20200805-20:06:41.493 [etscrape] [INFO    ] Opened and read log file : /home/mike/python/etscrape/logs/ute-b
20200805-20:08:50.846 [etscrape] [INFO    ] Program version : 0.5
20200805-20:08:58.867 [etscrape] [INFO    ] Opened and read log file : /home/mike/python/etscrape/logs/10027-a.csv
20200805-20:10:04.813 [etscrape] [INFO    ] Opened and read log file : /home/mike/python/etscrape/logs/9279-h.csv
20200805-20:11:52.932 [etscrape] [INFO    ] Program version : 0.5
20200805-20:12:01.227 [etscrape] [INFO    ] Opened and read log file : /home/mike/python/etscrape/logs/9279-h.csv
20200805-20:15:43.906 [etscrape] [INFO    ] Program version : 0.5
20200805-20:15:53.521 [etscrape] [INFO    ] Opened and read log file : /home/mike/python/etscrape/logs/10247-f.csv
